INFO  11:53:30 Now listening on: http://localhost:5177
INFO  11:53:30 Application started. Press Ctrl+C to shut down.
INFO  11:53:30 Hosting environment: Development
INFO  11:53:30 Content root path: C:\Users\VC\Downloads\Daily_progress\Mini_Project\VideoStoreManagmentSoln\VideoStoreManagmentAPI\
INFO  12:10:18 Now listening on: http://localhost:5177
INFO  12:10:18 Application started. Press Ctrl+C to shut down.
INFO  12:10:18 Hosting environment: Development
INFO  12:10:18 Content root path: C:\Users\VC\Downloads\Daily_progress\Mini_Project\VideoStoreManagmentSoln\VideoStoreManagmentAPI\
INFO  08:22:24 Now listening on: http://localhost:5177
INFO  08:22:24 Application started. Press Ctrl+C to shut down.
INFO  08:22:24 Hosting environment: Development
INFO  08:22:24 Content root path: C:\Users\VC\Downloads\Daily_progress\Mini_Project\VideoStoreManagmentSoln\VideoStoreManagmentAPI\
WARN  08:58:24 The foreign key property 'Cart.UserId1' was created in shadow state because a conflicting property with the simple name 'UserId' exists in the entity type, but is either not mapped, is already used for another relationship, or is incompatible with the associated primary key type. See https://aka.ms/efcore-relationships for information on mapping relationships in EF Core.
WARN  08:58:25 No store type was specified for the decimal property 'Rating' on entity type 'FeedBack'. This will cause values to be silently truncated if they do not fit in the default precision and scale. Explicitly specify the SQL server column type that can accommodate all the values in 'OnModelCreating' using 'HasColumnType', specify precision and scale using 'HasPrecision', or configure a value converter using 'HasConversion'.
WARN  08:58:25 No store type was specified for the decimal property 'TotalAmount' on entity type 'Orders'. This will cause values to be silently truncated if they do not fit in the default precision and scale. Explicitly specify the SQL server column type that can accommodate all the values in 'OnModelCreating' using 'HasColumnType', specify precision and scale using 'HasPrecision', or configure a value converter using 'HasConversion'.
WARN  08:58:25 No store type was specified for the decimal property 'DiscountFactor' on entity type 'User'. This will cause values to be silently truncated if they do not fit in the default precision and scale. Explicitly specify the SQL server column type that can accommodate all the values in 'OnModelCreating' using 'HasColumnType', specify precision and scale using 'HasPrecision', or configure a value converter using 'HasConversion'.
WARN  08:58:25 No store type was specified for the decimal property 'Price' on entity type 'Videos'. This will cause values to be silently truncated if they do not fit in the default precision and scale. Explicitly specify the SQL server column type that can accommodate all the values in 'OnModelCreating' using 'HasColumnType', specify precision and scale using 'HasPrecision', or configure a value converter using 'HasConversion'.
WARN  08:58:25 The foreign key property 'Cart.UserId1' was created in shadow state because a conflicting property with the simple name 'UserId' exists in the entity type, but is either not mapped, is already used for another relationship, or is incompatible with the associated primary key type. See https://aka.ms/efcore-relationships for information on mapping relationships in EF Core.
WARN  08:58:25 No store type was specified for the decimal property 'Rating' on entity type 'FeedBack'. This will cause values to be silently truncated if they do not fit in the default precision and scale. Explicitly specify the SQL server column type that can accommodate all the values in 'OnModelCreating' using 'HasColumnType', specify precision and scale using 'HasPrecision', or configure a value converter using 'HasConversion'.
WARN  08:58:25 No store type was specified for the decimal property 'TotalAmount' on entity type 'Orders'. This will cause values to be silently truncated if they do not fit in the default precision and scale. Explicitly specify the SQL server column type that can accommodate all the values in 'OnModelCreating' using 'HasColumnType', specify precision and scale using 'HasPrecision', or configure a value converter using 'HasConversion'.
WARN  08:58:25 No store type was specified for the decimal property 'DiscountFactor' on entity type 'User'. This will cause values to be silently truncated if they do not fit in the default precision and scale. Explicitly specify the SQL server column type that can accommodate all the values in 'OnModelCreating' using 'HasColumnType', specify precision and scale using 'HasPrecision', or configure a value converter using 'HasConversion'.
WARN  08:58:25 No store type was specified for the decimal property 'Price' on entity type 'Videos'. This will cause values to be silently truncated if they do not fit in the default precision and scale. Explicitly specify the SQL server column type that can accommodate all the values in 'OnModelCreating' using 'HasColumnType', specify precision and scale using 'HasPrecision', or configure a value converter using 'HasConversion'.
WARN  08:58:41 The foreign key property 'Cart.UserId1' was created in shadow state because a conflicting property with the simple name 'UserId' exists in the entity type, but is either not mapped, is already used for another relationship, or is incompatible with the associated primary key type. See https://aka.ms/efcore-relationships for information on mapping relationships in EF Core.
WARN  08:58:41 No store type was specified for the decimal property 'Rating' on entity type 'FeedBack'. This will cause values to be silently truncated if they do not fit in the default precision and scale. Explicitly specify the SQL server column type that can accommodate all the values in 'OnModelCreating' using 'HasColumnType', specify precision and scale using 'HasPrecision', or configure a value converter using 'HasConversion'.
WARN  08:58:41 No store type was specified for the decimal property 'TotalAmount' on entity type 'Orders'. This will cause values to be silently truncated if they do not fit in the default precision and scale. Explicitly specify the SQL server column type that can accommodate all the values in 'OnModelCreating' using 'HasColumnType', specify precision and scale using 'HasPrecision', or configure a value converter using 'HasConversion'.
WARN  08:58:41 No store type was specified for the decimal property 'DiscountFactor' on entity type 'User'. This will cause values to be silently truncated if they do not fit in the default precision and scale. Explicitly specify the SQL server column type that can accommodate all the values in 'OnModelCreating' using 'HasColumnType', specify precision and scale using 'HasPrecision', or configure a value converter using 'HasConversion'.
WARN  08:58:41 No store type was specified for the decimal property 'Price' on entity type 'Videos'. This will cause values to be silently truncated if they do not fit in the default precision and scale. Explicitly specify the SQL server column type that can accommodate all the values in 'OnModelCreating' using 'HasColumnType', specify precision and scale using 'HasPrecision', or configure a value converter using 'HasConversion'.
INFO  08:58:54 Now listening on: http://localhost:5177
INFO  08:58:54 Application started. Press Ctrl+C to shut down.
INFO  08:58:54 Hosting environment: Development
INFO  08:58:54 Content root path: C:\Users\VC\Downloads\Daily_progress\Mini_Project\VideoStoreManagmentSoln\VideoStoreManagmentAPI\
INFO  09:02:21 Now listening on: http://localhost:5177
INFO  09:02:21 Application started. Press Ctrl+C to shut down.
INFO  09:02:21 Hosting environment: Development
INFO  09:02:21 Content root path: C:\Users\VC\Downloads\Daily_progress\Mini_Project\VideoStoreManagmentSoln\VideoStoreManagmentAPI\
INFO  09:06:23 Now listening on: http://localhost:5177
INFO  09:06:23 Application started. Press Ctrl+C to shut down.
INFO  09:06:23 Hosting environment: Development
INFO  09:06:23 Content root path: C:\Users\VC\Downloads\Daily_progress\Mini_Project\VideoStoreManagmentSoln\VideoStoreManagmentAPI\
